mode: set
github.com/bacnx/simplebank/db/sqlc/account.sql.go:28.96,39.2 4 1
github.com/bacnx/simplebank/db/sqlc/account.sql.go:47.81,58.2 4 1
github.com/bacnx/simplebank/db/sqlc/account.sql.go:65.78,76.2 4 1
github.com/bacnx/simplebank/db/sqlc/account.sql.go:89.96,91.16 2 1
github.com/bacnx/simplebank/db/sqlc/account.sql.go:91.16,93.3 1 0
github.com/bacnx/simplebank/db/sqlc/account.sql.go:94.2,96.18 3 1
github.com/bacnx/simplebank/db/sqlc/account.sql.go:96.18,104.17 2 1
github.com/bacnx/simplebank/db/sqlc/account.sql.go:104.17,106.4 1 0
github.com/bacnx/simplebank/db/sqlc/account.sql.go:107.3,107.27 1 1
github.com/bacnx/simplebank/db/sqlc/account.sql.go:109.2,109.37 1 1
github.com/bacnx/simplebank/db/sqlc/account.sql.go:109.37,111.3 1 0
github.com/bacnx/simplebank/db/sqlc/account.sql.go:112.2,112.35 1 1
github.com/bacnx/simplebank/db/sqlc/account.sql.go:112.35,114.3 1 0
github.com/bacnx/simplebank/db/sqlc/account.sql.go:115.2,115.19 1 1
github.com/bacnx/simplebank/db/sqlc/account.sql.go:130.96,141.2 4 1
github.com/bacnx/simplebank/db/sqlc/db.go:19.28,21.2 1 1
github.com/bacnx/simplebank/db/sqlc/db.go:27.47,31.2 1 0
github.com/bacnx/simplebank/db/sqlc/entry.sql.go:27.90,37.2 4 1
github.com/bacnx/simplebank/db/sqlc/entry.sql.go:44.74,54.2 4 1
github.com/bacnx/simplebank/db/sqlc/entry.sql.go:69.92,71.16 2 1
github.com/bacnx/simplebank/db/sqlc/entry.sql.go:71.16,73.3 1 0
github.com/bacnx/simplebank/db/sqlc/entry.sql.go:74.2,76.18 3 1
github.com/bacnx/simplebank/db/sqlc/entry.sql.go:76.18,83.17 2 1
github.com/bacnx/simplebank/db/sqlc/entry.sql.go:83.17,85.4 1 0
github.com/bacnx/simplebank/db/sqlc/entry.sql.go:86.3,86.27 1 1
github.com/bacnx/simplebank/db/sqlc/entry.sql.go:88.2,88.37 1 1
github.com/bacnx/simplebank/db/sqlc/entry.sql.go:88.37,90.3 1 0
github.com/bacnx/simplebank/db/sqlc/entry.sql.go:91.2,91.35 1 1
github.com/bacnx/simplebank/db/sqlc/entry.sql.go:91.35,93.3 1 0
github.com/bacnx/simplebank/db/sqlc/entry.sql.go:94.2,94.19 1 1
github.com/bacnx/simplebank/db/sqlc/transfer.sql.go:30.99,41.2 4 1
github.com/bacnx/simplebank/db/sqlc/transfer.sql.go:48.80,59.2 4 1
github.com/bacnx/simplebank/db/sqlc/transfer.sql.go:75.99,82.16 2 1
github.com/bacnx/simplebank/db/sqlc/transfer.sql.go:82.16,84.3 1 0
github.com/bacnx/simplebank/db/sqlc/transfer.sql.go:85.2,87.18 3 1
github.com/bacnx/simplebank/db/sqlc/transfer.sql.go:87.18,95.17 2 1
github.com/bacnx/simplebank/db/sqlc/transfer.sql.go:95.17,97.4 1 0
github.com/bacnx/simplebank/db/sqlc/transfer.sql.go:98.3,98.27 1 1
github.com/bacnx/simplebank/db/sqlc/transfer.sql.go:100.2,100.37 1 1
github.com/bacnx/simplebank/db/sqlc/transfer.sql.go:100.37,102.3 1 0
github.com/bacnx/simplebank/db/sqlc/transfer.sql.go:103.2,103.35 1 1
github.com/bacnx/simplebank/db/sqlc/transfer.sql.go:103.35,105.3 1 0
github.com/bacnx/simplebank/db/sqlc/transfer.sql.go:106.2,106.19 1 1
github.com/bacnx/simplebank/db/sqlc/transfer.sql.go:122.129,124.16 2 1
github.com/bacnx/simplebank/db/sqlc/transfer.sql.go:124.16,126.3 1 0
github.com/bacnx/simplebank/db/sqlc/transfer.sql.go:127.2,129.18 3 1
github.com/bacnx/simplebank/db/sqlc/transfer.sql.go:129.18,137.17 2 1
github.com/bacnx/simplebank/db/sqlc/transfer.sql.go:137.17,139.4 1 0
github.com/bacnx/simplebank/db/sqlc/transfer.sql.go:140.3,140.27 1 1
github.com/bacnx/simplebank/db/sqlc/transfer.sql.go:142.2,142.37 1 1
github.com/bacnx/simplebank/db/sqlc/transfer.sql.go:142.37,144.3 1 0
github.com/bacnx/simplebank/db/sqlc/transfer.sql.go:145.2,145.35 1 1
github.com/bacnx/simplebank/db/sqlc/transfer.sql.go:145.35,147.3 1 0
github.com/bacnx/simplebank/db/sqlc/transfer.sql.go:148.2,148.19 1 1
github.com/bacnx/simplebank/db/sqlc/transfer.sql.go:164.125,166.16 2 1
github.com/bacnx/simplebank/db/sqlc/transfer.sql.go:166.16,168.3 1 0
github.com/bacnx/simplebank/db/sqlc/transfer.sql.go:169.2,171.18 3 1
github.com/bacnx/simplebank/db/sqlc/transfer.sql.go:171.18,179.17 2 1
github.com/bacnx/simplebank/db/sqlc/transfer.sql.go:179.17,181.4 1 0
github.com/bacnx/simplebank/db/sqlc/transfer.sql.go:182.3,182.27 1 1
github.com/bacnx/simplebank/db/sqlc/transfer.sql.go:184.2,184.37 1 1
github.com/bacnx/simplebank/db/sqlc/transfer.sql.go:184.37,186.3 1 0
github.com/bacnx/simplebank/db/sqlc/transfer.sql.go:187.2,187.35 1 1
github.com/bacnx/simplebank/db/sqlc/transfer.sql.go:187.35,189.3 1 0
github.com/bacnx/simplebank/db/sqlc/transfer.sql.go:190.2,190.19 1 1
